<?xml version="1.0" encoding="UTF-8"?>
<testsuite name="com.dcnt.take_away_now.service.NegocioServiceTest" tests="18" skipped="0" failures="0" errors="0" timestamp="2024-02-11T21:51:26" hostname="DESKTOP-84L37D5" time="0.398">
  <properties/>
  <testcase name="sePuedeCrearProductoNuevoEnNegocioExistente()" classname="com.dcnt.take_away_now.service.NegocioServiceTest" time="0.027"/>
  <testcase name="eliminarProducto()" classname="com.dcnt.take_away_now.service.NegocioServiceTest" time="0.036"/>
  <testcase name="sePuedeCrearNegocioNuevo()" classname="com.dcnt.take_away_now.service.NegocioServiceTest" time="0.014"/>
  <testcase name="noSePuedeModificarDiasDeUnNegocioQueNoExiste()" classname="com.dcnt.take_away_now.service.NegocioServiceTest" time="0.007"/>
  <testcase name="obtenerProductos()" classname="com.dcnt.take_away_now.service.NegocioServiceTest" time="0.043"/>
  <testcase name="noSePuedeobtenerProductosDeUnNegocioQueNoExiste()" classname="com.dcnt.take_away_now.service.NegocioServiceTest" time="0.008"/>
  <testcase name="noSePuedeCrearNegocioExistente()" classname="com.dcnt.take_away_now.service.NegocioServiceTest" time="0.014"/>
  <testcase name="sePuedeModificarHorariosDelNegocio()" classname="com.dcnt.take_away_now.service.NegocioServiceTest" time="0.022"/>
  <testcase name="noSePuedeCrearProductoYaExistenteEnNegocioExistente()" classname="com.dcnt.take_away_now.service.NegocioServiceTest" time="0.033"/>
  <testcase name="seObtienenNegociosExistentes()" classname="com.dcnt.take_away_now.service.NegocioServiceTest" time="0.02"/>
  <testcase name="noSePuedeModificarHorariosDelNegocioCuandoElHorarioDeAperturaEsMayorAlDeCierre()" classname="com.dcnt.take_away_now.service.NegocioServiceTest" time="0.012"/>
  <testcase name="sePuedeModificarDiasDelNegocio()" classname="com.dcnt.take_away_now.service.NegocioServiceTest" time="0.018"/>
  <testcase name="noSePuedeModificarInventarioRegistroDeUnProductoQueNoExiste()" classname="com.dcnt.take_away_now.service.NegocioServiceTest" time="0.04"/>
  <testcase name="noSePuedeModificarInventarioRegistroDeUnProductoQueNoTieneRelacionConUnNegocio()" classname="com.dcnt.take_away_now.service.NegocioServiceTest" time="0.037"/>
  <testcase name="noSePuedeModificarInventarioRegistroDeUnNegocioQueNoExiste()" classname="com.dcnt.take_away_now.service.NegocioServiceTest" time="0.007"/>
  <testcase name="noSePuedeCrearProductoNuevoEnNegocioQueNoExiste()" classname="com.dcnt.take_away_now.service.NegocioServiceTest" time="0.005"/>
  <testcase name="noSePuedeModificarHorariosDeUnNegocioQueNoExiste()" classname="com.dcnt.take_away_now.service.NegocioServiceTest" time="0.005"/>
  <testcase name="sePuedeModificarInventarioRegistro()" classname="com.dcnt.take_away_now.service.NegocioServiceTest" time="0.028"/>
  <system-out><![CDATA[2024-02-11T15:51:26.075-06:00  INFO 2528 --- [    Test worker] t.c.s.AnnotationConfigContextLoaderUtils : Could not detect default configuration classes for test class [com.dcnt.take_away_now.service.NegocioServiceTest]: NegocioServiceTest does not declare any static, non-private, non-final, nested classes annotated with @Configuration.
2024-02-11T15:51:26.082-06:00  INFO 2528 --- [    Test worker] .b.t.c.SpringBootTestContextBootstrapper : Found @SpringBootConfiguration com.dcnt.take_away_now.TakeAwayNowApplication for test class com.dcnt.take_away_now.service.NegocioServiceTest
Hibernate: 
    select
        n1_0.id_negocio,
        n1_0.dia_apertura,
        n1_0.dia_cierre,
        n1_0.horario_apertura,
        n1_0.horario_cierre,
        n1_0.nombre,
        n1_0.saldo 
    from
        negocios n1_0 
    where
        n1_0.nombre=?
Hibernate: 
    insert 
    into
        negocios
        (dia_apertura, dia_cierre, horario_apertura, horario_cierre, nombre, saldo, id_negocio) 
    values
        (?, ?, ?, ?, ?, ?, default)
Hibernate: 
    select
        n1_0.id_negocio,
        n1_0.dia_apertura,
        n1_0.dia_cierre,
        n1_0.horario_apertura,
        n1_0.horario_cierre,
        n1_0.nombre,
        n1_0.saldo 
    from
        negocios n1_0 
    where
        n1_0.nombre=?
Hibernate: 
    select
        p1_0.id_producto,
        p1_0.id_inventario_registro,
        p1_0.nombre 
    from
        productos p1_0 
    where
        p1_0.nombre=?
Hibernate: 
    insert 
    into
        inventario_registros
        (id_negocio, precio_unitario, id_producto, recompensa_pdc, stock, id_inventario_registro) 
    values
        (?, ?, ?, ?, ?, default)
Hibernate: 
    insert 
    into
        productos
        (id_inventario_registro, nombre, id_producto) 
    values
        (?, ?, default)
Hibernate: 
    update
        inventario_registros 
    set
        id_negocio=?,
        precio_unitario=?,
        id_producto=?,
        recompensa_pdc=?,
        stock=? 
    where
        id_inventario_registro=?
Hibernate: 
    update
        productos 
    set
        id_inventario_registro=?,
        nombre=? 
    where
        id_producto=?
Hibernate: 
    select
        p1_0.id_producto,
        p1_0.id_inventario_registro,
        p1_0.nombre 
    from
        productos p1_0 
    where
        p1_0.nombre=?
Hibernate: 
    select
        ir1_0.id_inventario_registro,
        ir1_0.id_negocio,
        ir1_0.precio_unitario,
        ir1_0.id_producto,
        ir1_0.recompensa_pdc,
        ir1_0.stock 
    from
        inventario_registros ir1_0 
    where
        ir1_0.id_negocio=? 
        and ir1_0.id_producto=?
Hibernate: 
    select
        n1_0.id_negocio,
        n1_0.dia_apertura,
        n1_0.dia_cierre,
        n1_0.horario_apertura,
        n1_0.horario_cierre,
        n1_0.nombre,
        n1_0.saldo 
    from
        negocios n1_0 
    where
        n1_0.nombre=?
Hibernate: 
    insert 
    into
        negocios
        (dia_apertura, dia_cierre, horario_apertura, horario_cierre, nombre, saldo, id_negocio) 
    values
        (?, ?, ?, ?, ?, ?, default)
Hibernate: 
    select
        n1_0.id_negocio,
        n1_0.dia_apertura,
        n1_0.dia_cierre,
        n1_0.horario_apertura,
        n1_0.horario_cierre,
        n1_0.nombre,
        n1_0.saldo 
    from
        negocios n1_0 
    where
        n1_0.nombre=?
Hibernate: 
    select
        p1_0.id_producto,
        p1_0.id_inventario_registro,
        p1_0.nombre 
    from
        productos p1_0 
    where
        p1_0.nombre=?
Hibernate: 
    insert 
    into
        inventario_registros
        (id_negocio, precio_unitario, id_producto, recompensa_pdc, stock, id_inventario_registro) 
    values
        (?, ?, ?, ?, ?, default)
Hibernate: 
    insert 
    into
        productos
        (id_inventario_registro, nombre, id_producto) 
    values
        (?, ?, default)
Hibernate: 
    update
        inventario_registros 
    set
        id_negocio=?,
        precio_unitario=?,
        id_producto=?,
        recompensa_pdc=?,
        stock=? 
    where
        id_inventario_registro=?
Hibernate: 
    update
        productos 
    set
        id_inventario_registro=?,
        nombre=? 
    where
        id_producto=?
Hibernate: 
    select
        p1_0.id_producto,
        p1_0.id_inventario_registro,
        p1_0.nombre 
    from
        productos p1_0 
    where
        p1_0.nombre=?
Hibernate: 
    select
        ir1_0.id_inventario_registro,
        ir1_0.id_negocio,
        ir1_0.precio_unitario,
        ir1_0.id_producto,
        ir1_0.recompensa_pdc,
        ir1_0.stock 
    from
        inventario_registros ir1_0 
    where
        ir1_0.id_negocio=? 
        and ir1_0.id_producto=?
Hibernate: 
    select
        ir1_0.id_inventario_registro,
        ir1_0.id_negocio,
        ir1_0.precio_unitario,
        ir1_0.id_producto,
        ir1_0.recompensa_pdc,
        ir1_0.stock 
    from
        inventario_registros ir1_0 
    where
        ir1_0.id_negocio=? 
        and ir1_0.id_producto=?
Hibernate: 
    update
        productos 
    set
        id_inventario_registro=?,
        nombre=? 
    where
        id_producto=?
Hibernate: 
    delete 
    from
        inventario_registros 
    where
        id_inventario_registro=?
Hibernate: 
    delete 
    from
        productos 
    where
        id_producto=?
Hibernate: 
    select
        ir1_0.id_inventario_registro,
        ir1_0.id_negocio,
        ir1_0.precio_unitario,
        ir1_0.id_producto,
        ir1_0.recompensa_pdc,
        ir1_0.stock 
    from
        inventario_registros ir1_0 
    where
        ir1_0.id_negocio=? 
        and ir1_0.id_producto=?
Hibernate: 
    select
        p1_0.id_producto,
        p1_0.id_inventario_registro,
        p1_0.nombre 
    from
        productos p1_0 
    where
        p1_0.nombre=?
Hibernate: 
    select
        n1_0.id_negocio,
        n1_0.dia_apertura,
        n1_0.dia_cierre,
        n1_0.horario_apertura,
        n1_0.horario_cierre,
        n1_0.nombre,
        n1_0.saldo 
    from
        negocios n1_0 
    where
        n1_0.nombre=?
Hibernate: 
    insert 
    into
        negocios
        (dia_apertura, dia_cierre, horario_apertura, horario_cierre, nombre, saldo, id_negocio) 
    values
        (?, ?, ?, ?, ?, ?, default)
Hibernate: 
    select
        n1_0.id_negocio,
        n1_0.dia_apertura,
        n1_0.dia_cierre,
        n1_0.horario_apertura,
        n1_0.horario_cierre,
        n1_0.nombre,
        n1_0.saldo 
    from
        negocios n1_0 
    where
        n1_0.nombre=?
Hibernate: 
    select
        n1_0.id_negocio,
        n1_0.dia_apertura,
        n1_0.dia_cierre,
        n1_0.horario_apertura,
        n1_0.horario_cierre,
        n1_0.nombre,
        n1_0.saldo 
    from
        negocios n1_0 
    where
        n1_0.id_negocio=?
Hibernate: 
    select
        n1_0.id_negocio,
        n1_0.dia_apertura,
        n1_0.dia_cierre,
        n1_0.horario_apertura,
        n1_0.horario_cierre,
        n1_0.nombre,
        n1_0.saldo 
    from
        negocios n1_0 
    where
        n1_0.nombre=?
Hibernate: 
    insert 
    into
        negocios
        (dia_apertura, dia_cierre, horario_apertura, horario_cierre, nombre, saldo, id_negocio) 
    values
        (?, ?, ?, ?, ?, ?, default)
Hibernate: 
    select
        n1_0.id_negocio,
        n1_0.dia_apertura,
        n1_0.dia_cierre,
        n1_0.horario_apertura,
        n1_0.horario_cierre,
        n1_0.nombre,
        n1_0.saldo 
    from
        negocios n1_0 
    where
        n1_0.nombre=?
Hibernate: 
    select
        p1_0.id_producto,
        p1_0.id_inventario_registro,
        p1_0.nombre 
    from
        productos p1_0 
    where
        p1_0.nombre=?
Hibernate: 
    insert 
    into
        inventario_registros
        (id_negocio, precio_unitario, id_producto, recompensa_pdc, stock, id_inventario_registro) 
    values
        (?, ?, ?, ?, ?, default)
Hibernate: 
    insert 
    into
        productos
        (id_inventario_registro, nombre, id_producto) 
    values
        (?, ?, default)
Hibernate: 
    update
        inventario_registros 
    set
        id_negocio=?,
        precio_unitario=?,
        id_producto=?,
        recompensa_pdc=?,
        stock=? 
    where
        id_inventario_registro=?
Hibernate: 
    update
        productos 
    set
        id_inventario_registro=?,
        nombre=? 
    where
        id_producto=?
Hibernate: 
    select
        p1_0.id_producto,
        p1_0.id_inventario_registro,
        p1_0.nombre 
    from
        productos p1_0 
    where
        p1_0.nombre=?
Hibernate: 
    insert 
    into
        inventario_registros
        (id_negocio, precio_unitario, id_producto, recompensa_pdc, stock, id_inventario_registro) 
    values
        (?, ?, ?, ?, ?, default)
Hibernate: 
    insert 
    into
        productos
        (id_inventario_registro, nombre, id_producto) 
    values
        (?, ?, default)
Hibernate: 
    update
        inventario_registros 
    set
        id_negocio=?,
        precio_unitario=?,
        id_producto=?,
        recompensa_pdc=?,
        stock=? 
    where
        id_inventario_registro=?
Hibernate: 
    update
        productos 
    set
        id_inventario_registro=?,
        nombre=? 
    where
        id_producto=?
Hibernate: 
    select
        p1_0.id_producto,
        p1_0.id_inventario_registro,
        p1_0.nombre 
    from
        productos p1_0 
    where
        p1_0.nombre=?
Hibernate: 
    insert 
    into
        inventario_registros
        (id_negocio, precio_unitario, id_producto, recompensa_pdc, stock, id_inventario_registro) 
    values
        (?, ?, ?, ?, ?, default)
Hibernate: 
    insert 
    into
        productos
        (id_inventario_registro, nombre, id_producto) 
    values
        (?, ?, default)
Hibernate: 
    update
        inventario_registros 
    set
        id_negocio=?,
        precio_unitario=?,
        id_producto=?,
        recompensa_pdc=?,
        stock=? 
    where
        id_inventario_registro=?
Hibernate: 
    update
        productos 
    set
        id_inventario_registro=?,
        nombre=? 
    where
        id_producto=?
Hibernate: 
    select
        p1_0.id_producto,
        p1_0.nombre,
        ir1_0.stock,
        ir1_0.precio_unitario,
        ir1_0.recompensa_pdc 
    from
        inventario_registros ir1_0 
    join
        productos p1_0 
            on ir1_0.id_producto=p1_0.id_producto 
    where
        ir1_0.id_negocio=?
Hibernate: 
    select
        n1_0.id_negocio,
        n1_0.dia_apertura,
        n1_0.dia_cierre,
        n1_0.horario_apertura,
        n1_0.horario_cierre,
        n1_0.nombre,
        n1_0.saldo 
    from
        negocios n1_0 
    where
        n1_0.id_negocio=?
Hibernate: 
    select
        n1_0.id_negocio,
        n1_0.dia_apertura,
        n1_0.dia_cierre,
        n1_0.horario_apertura,
        n1_0.horario_cierre,
        n1_0.nombre,
        n1_0.saldo 
    from
        negocios n1_0 
    where
        n1_0.nombre=?
Hibernate: 
    insert 
    into
        negocios
        (dia_apertura, dia_cierre, horario_apertura, horario_cierre, nombre, saldo, id_negocio) 
    values
        (?, ?, ?, ?, ?, ?, default)
Hibernate: 
    select
        n1_0.id_negocio,
        n1_0.dia_apertura,
        n1_0.dia_cierre,
        n1_0.horario_apertura,
        n1_0.horario_cierre,
        n1_0.nombre,
        n1_0.saldo 
    from
        negocios n1_0 
    where
        n1_0.nombre=?
Hibernate: 
    select
        n1_0.id_negocio,
        n1_0.dia_apertura,
        n1_0.dia_cierre,
        n1_0.horario_apertura,
        n1_0.horario_cierre,
        n1_0.nombre,
        n1_0.saldo 
    from
        negocios n1_0 
    where
        n1_0.nombre=?
Hibernate: 
    insert 
    into
        negocios
        (dia_apertura, dia_cierre, horario_apertura, horario_cierre, nombre, saldo, id_negocio) 
    values
        (?, ?, ?, ?, ?, ?, default)
Hibernate: 
    select
        n1_0.id_negocio,
        n1_0.dia_apertura,
        n1_0.dia_cierre,
        n1_0.horario_apertura,
        n1_0.horario_cierre,
        n1_0.nombre,
        n1_0.saldo 
    from
        negocios n1_0 
    where
        n1_0.nombre=?
Hibernate: 
    update
        negocios 
    set
        dia_apertura=?,
        dia_cierre=?,
        horario_apertura=?,
        horario_cierre=?,
        nombre=?,
        saldo=? 
    where
        id_negocio=?
Hibernate: 
    select
        n1_0.id_negocio,
        n1_0.dia_apertura,
        n1_0.dia_cierre,
        n1_0.horario_apertura,
        n1_0.horario_cierre,
        n1_0.nombre,
        n1_0.saldo 
    from
        negocios n1_0 
    where
        n1_0.nombre=?
Hibernate: 
    select
        n1_0.id_negocio,
        n1_0.dia_apertura,
        n1_0.dia_cierre,
        n1_0.horario_apertura,
        n1_0.horario_cierre,
        n1_0.nombre,
        n1_0.saldo 
    from
        negocios n1_0 
    where
        n1_0.nombre=?
Hibernate: 
    insert 
    into
        negocios
        (dia_apertura, dia_cierre, horario_apertura, horario_cierre, nombre, saldo, id_negocio) 
    values
        (?, ?, ?, ?, ?, ?, default)
Hibernate: 
    select
        n1_0.id_negocio,
        n1_0.dia_apertura,
        n1_0.dia_cierre,
        n1_0.horario_apertura,
        n1_0.horario_cierre,
        n1_0.nombre,
        n1_0.saldo 
    from
        negocios n1_0 
    where
        n1_0.nombre=?
Hibernate: 
    select
        p1_0.id_producto,
        p1_0.id_inventario_registro,
        p1_0.nombre 
    from
        productos p1_0 
    where
        p1_0.nombre=?
Hibernate: 
    insert 
    into
        inventario_registros
        (id_negocio, precio_unitario, id_producto, recompensa_pdc, stock, id_inventario_registro) 
    values
        (?, ?, ?, ?, ?, default)
Hibernate: 
    insert 
    into
        productos
        (id_inventario_registro, nombre, id_producto) 
    values
        (?, ?, default)
Hibernate: 
    update
        inventario_registros 
    set
        id_negocio=?,
        precio_unitario=?,
        id_producto=?,
        recompensa_pdc=?,
        stock=? 
    where
        id_inventario_registro=?
Hibernate: 
    update
        productos 
    set
        id_inventario_registro=?,
        nombre=? 
    where
        id_producto=?
Hibernate: 
    select
        p1_0.id_producto,
        p1_0.id_inventario_registro,
        p1_0.nombre 
    from
        productos p1_0 
    where
        p1_0.nombre=?
Hibernate: 
    select
        ir1_0.id_inventario_registro 
    from
        inventario_registros ir1_0 
    where
        ir1_0.id_negocio=? 
        and ir1_0.id_producto=? 
    fetch
        first ? rows only
Hibernate: 
    select
        n1_0.id_negocio,
        n1_0.dia_apertura,
        n1_0.dia_cierre,
        n1_0.horario_apertura,
        n1_0.horario_cierre,
        n1_0.nombre,
        n1_0.saldo 
    from
        negocios n1_0 
    where
        n1_0.nombre=?
Hibernate: 
    insert 
    into
        negocios
        (dia_apertura, dia_cierre, horario_apertura, horario_cierre, nombre, saldo, id_negocio) 
    values
        (?, ?, ?, ?, ?, ?, default)
Hibernate: 
    select
        n1_0.id_negocio,
        n1_0.dia_apertura,
        n1_0.dia_cierre,
        n1_0.horario_apertura,
        n1_0.horario_cierre,
        n1_0.nombre,
        n1_0.saldo 
    from
        negocios n1_0 
    where
        n1_0.nombre=?
Hibernate: 
    insert 
    into
        negocios
        (dia_apertura, dia_cierre, horario_apertura, horario_cierre, nombre, saldo, id_negocio) 
    values
        (?, ?, ?, ?, ?, ?, default)
Hibernate: 
    select
        n1_0.id_negocio,
        n1_0.dia_apertura,
        n1_0.dia_cierre,
        n1_0.horario_apertura,
        n1_0.horario_cierre,
        n1_0.nombre,
        n1_0.saldo 
    from
        negocios n1_0 
    where
        n1_0.nombre=?
Hibernate: 
    insert 
    into
        negocios
        (dia_apertura, dia_cierre, horario_apertura, horario_cierre, nombre, saldo, id_negocio) 
    values
        (?, ?, ?, ?, ?, ?, default)
Hibernate: 
    select
        n1_0.id_negocio,
        n1_0.dia_apertura,
        n1_0.dia_cierre,
        n1_0.horario_apertura,
        n1_0.horario_cierre,
        n1_0.nombre,
        n1_0.saldo 
    from
        negocios n1_0
Hibernate: 
    select
        n1_0.id_negocio,
        n1_0.dia_apertura,
        n1_0.dia_cierre,
        n1_0.horario_apertura,
        n1_0.horario_cierre,
        n1_0.nombre,
        n1_0.saldo 
    from
        negocios n1_0 
    where
        n1_0.nombre=?
Hibernate: 
    insert 
    into
        negocios
        (dia_apertura, dia_cierre, horario_apertura, horario_cierre, nombre, saldo, id_negocio) 
    values
        (?, ?, ?, ?, ?, ?, default)
Hibernate: 
    select
        n1_0.id_negocio,
        n1_0.dia_apertura,
        n1_0.dia_cierre,
        n1_0.horario_apertura,
        n1_0.horario_cierre,
        n1_0.nombre,
        n1_0.saldo 
    from
        negocios n1_0 
    where
        n1_0.nombre=?
Hibernate: 
    select
        n1_0.id_negocio,
        n1_0.dia_apertura,
        n1_0.dia_cierre,
        n1_0.horario_apertura,
        n1_0.horario_cierre,
        n1_0.nombre,
        n1_0.saldo 
    from
        negocios n1_0 
    where
        n1_0.nombre=?
Hibernate: 
    insert 
    into
        negocios
        (dia_apertura, dia_cierre, horario_apertura, horario_cierre, nombre, saldo, id_negocio) 
    values
        (?, ?, ?, ?, ?, ?, default)
Hibernate: 
    select
        n1_0.id_negocio,
        n1_0.dia_apertura,
        n1_0.dia_cierre,
        n1_0.horario_apertura,
        n1_0.horario_cierre,
        n1_0.nombre,
        n1_0.saldo 
    from
        negocios n1_0 
    where
        n1_0.nombre=?
Hibernate: 
    update
        negocios 
    set
        dia_apertura=?,
        dia_cierre=?,
        horario_apertura=?,
        horario_cierre=?,
        nombre=?,
        saldo=? 
    where
        id_negocio=?
Hibernate: 
    select
        n1_0.id_negocio,
        n1_0.dia_apertura,
        n1_0.dia_cierre,
        n1_0.horario_apertura,
        n1_0.horario_cierre,
        n1_0.nombre,
        n1_0.saldo 
    from
        negocios n1_0 
    where
        n1_0.nombre=?
Hibernate: 
    select
        n1_0.id_negocio,
        n1_0.dia_apertura,
        n1_0.dia_cierre,
        n1_0.horario_apertura,
        n1_0.horario_cierre,
        n1_0.nombre,
        n1_0.saldo 
    from
        negocios n1_0 
    where
        n1_0.nombre=?
Hibernate: 
    insert 
    into
        negocios
        (dia_apertura, dia_cierre, horario_apertura, horario_cierre, nombre, saldo, id_negocio) 
    values
        (?, ?, ?, ?, ?, ?, default)
Hibernate: 
    select
        n1_0.id_negocio,
        n1_0.dia_apertura,
        n1_0.dia_cierre,
        n1_0.horario_apertura,
        n1_0.horario_cierre,
        n1_0.nombre,
        n1_0.saldo 
    from
        negocios n1_0 
    where
        n1_0.nombre=?
Hibernate: 
    select
        p1_0.id_producto,
        p1_0.id_inventario_registro,
        p1_0.nombre 
    from
        productos p1_0 
    where
        p1_0.id_producto=?
Hibernate: 
    select
        n1_0.id_negocio,
        n1_0.dia_apertura,
        n1_0.dia_cierre,
        n1_0.horario_apertura,
        n1_0.horario_cierre,
        n1_0.nombre,
        n1_0.saldo 
    from
        negocios n1_0 
    where
        n1_0.nombre=?
Hibernate: 
    insert 
    into
        negocios
        (dia_apertura, dia_cierre, horario_apertura, horario_cierre, nombre, saldo, id_negocio) 
    values
        (?, ?, ?, ?, ?, ?, default)
Hibernate: 
    select
        n1_0.id_negocio,
        n1_0.dia_apertura,
        n1_0.dia_cierre,
        n1_0.horario_apertura,
        n1_0.horario_cierre,
        n1_0.nombre,
        n1_0.saldo 
    from
        negocios n1_0 
    where
        n1_0.nombre=?
Hibernate: 
    insert 
    into
        negocios
        (dia_apertura, dia_cierre, horario_apertura, horario_cierre, nombre, saldo, id_negocio) 
    values
        (?, ?, ?, ?, ?, ?, default)
Hibernate: 
    select
        n1_0.id_negocio,
        n1_0.dia_apertura,
        n1_0.dia_cierre,
        n1_0.horario_apertura,
        n1_0.horario_cierre,
        n1_0.nombre,
        n1_0.saldo 
    from
        negocios n1_0 
    where
        n1_0.nombre=?
Hibernate: 
    select
        p1_0.id_producto,
        p1_0.id_inventario_registro,
        p1_0.nombre 
    from
        productos p1_0 
    where
        p1_0.nombre=?
Hibernate: 
    insert 
    into
        inventario_registros
        (id_negocio, precio_unitario, id_producto, recompensa_pdc, stock, id_inventario_registro) 
    values
        (?, ?, ?, ?, ?, default)
Hibernate: 
    insert 
    into
        productos
        (id_inventario_registro, nombre, id_producto) 
    values
        (?, ?, default)
Hibernate: 
    update
        inventario_registros 
    set
        id_negocio=?,
        precio_unitario=?,
        id_producto=?,
        recompensa_pdc=?,
        stock=? 
    where
        id_inventario_registro=?
Hibernate: 
    update
        productos 
    set
        id_inventario_registro=?,
        nombre=? 
    where
        id_producto=?
Hibernate: 
    select
        p1_0.id_producto,
        p1_0.id_inventario_registro,
        p1_0.nombre 
    from
        productos p1_0 
    where
        p1_0.nombre=?
Hibernate: 
    select
        n1_0.id_negocio,
        n1_0.dia_apertura,
        n1_0.dia_cierre,
        n1_0.horario_apertura,
        n1_0.horario_cierre,
        n1_0.nombre,
        n1_0.saldo 
    from
        negocios n1_0 
    where
        n1_0.nombre=?
Hibernate: 
    select
        ir1_0.id_inventario_registro,
        ir1_0.id_negocio,
        ir1_0.precio_unitario,
        ir1_0.id_producto,
        ir1_0.recompensa_pdc,
        ir1_0.stock 
    from
        inventario_registros ir1_0 
    where
        ir1_0.id_negocio=? 
        and ir1_0.id_producto=?
Hibernate: 
    select
        n1_0.id_negocio,
        n1_0.dia_apertura,
        n1_0.dia_cierre,
        n1_0.horario_apertura,
        n1_0.horario_cierre,
        n1_0.nombre,
        n1_0.saldo 
    from
        negocios n1_0 
    where
        n1_0.id_negocio=?
Hibernate: 
    select
        n1_0.id_negocio,
        n1_0.dia_apertura,
        n1_0.dia_cierre,
        n1_0.horario_apertura,
        n1_0.horario_cierre,
        n1_0.nombre,
        n1_0.saldo 
    from
        negocios n1_0 
    where
        n1_0.id_negocio=?
Hibernate: 
    select
        n1_0.id_negocio,
        n1_0.dia_apertura,
        n1_0.dia_cierre,
        n1_0.horario_apertura,
        n1_0.horario_cierre,
        n1_0.nombre,
        n1_0.saldo 
    from
        negocios n1_0 
    where
        n1_0.id_negocio=?
Hibernate: 
    select
        n1_0.id_negocio,
        n1_0.dia_apertura,
        n1_0.dia_cierre,
        n1_0.horario_apertura,
        n1_0.horario_cierre,
        n1_0.nombre,
        n1_0.saldo 
    from
        negocios n1_0 
    where
        n1_0.nombre=?
Hibernate: 
    insert 
    into
        negocios
        (dia_apertura, dia_cierre, horario_apertura, horario_cierre, nombre, saldo, id_negocio) 
    values
        (?, ?, ?, ?, ?, ?, default)
Hibernate: 
    select
        n1_0.id_negocio,
        n1_0.dia_apertura,
        n1_0.dia_cierre,
        n1_0.horario_apertura,
        n1_0.horario_cierre,
        n1_0.nombre,
        n1_0.saldo 
    from
        negocios n1_0 
    where
        n1_0.nombre=?
Hibernate: 
    select
        p1_0.id_producto,
        p1_0.id_inventario_registro,
        p1_0.nombre 
    from
        productos p1_0 
    where
        p1_0.nombre=?
Hibernate: 
    insert 
    into
        inventario_registros
        (id_negocio, precio_unitario, id_producto, recompensa_pdc, stock, id_inventario_registro) 
    values
        (?, ?, ?, ?, ?, default)
Hibernate: 
    insert 
    into
        productos
        (id_inventario_registro, nombre, id_producto) 
    values
        (?, ?, default)
Hibernate: 
    update
        inventario_registros 
    set
        id_negocio=?,
        precio_unitario=?,
        id_producto=?,
        recompensa_pdc=?,
        stock=? 
    where
        id_inventario_registro=?
Hibernate: 
    update
        productos 
    set
        id_inventario_registro=?,
        nombre=? 
    where
        id_producto=?
Hibernate: 
    select
        p1_0.id_producto,
        p1_0.id_inventario_registro,
        p1_0.nombre 
    from
        productos p1_0 
    where
        p1_0.nombre=?
Hibernate: 
    select
        ir1_0.id_inventario_registro,
        ir1_0.id_negocio,
        ir1_0.precio_unitario,
        ir1_0.id_producto,
        ir1_0.recompensa_pdc,
        ir1_0.stock 
    from
        inventario_registros ir1_0 
    where
        ir1_0.id_negocio=? 
        and ir1_0.id_producto=?
Hibernate: 
    update
        inventario_registros 
    set
        id_negocio=?,
        precio_unitario=?,
        id_producto=?,
        recompensa_pdc=?,
        stock=? 
    where
        id_inventario_registro=?
Hibernate: 
    select
        ir1_0.id_inventario_registro,
        ir1_0.id_negocio,
        ir1_0.precio_unitario,
        ir1_0.id_producto,
        ir1_0.recompensa_pdc,
        ir1_0.stock 
    from
        inventario_registros ir1_0 
    where
        ir1_0.id_negocio=? 
        and ir1_0.id_producto=?
]]></system-out>
  <system-err><![CDATA[]]></system-err>
</testsuite>
