<?xml version="1.0" encoding="UTF-8"?>
<testsuite name="com.dcnt.take_away_now.repository.ClienteRepositoryTest" tests="2" skipped="0" failures="0" errors="0" timestamp="2024-02-12T20:38:16" hostname="LGG-W10" time="0.259">
  <properties/>
  <testcase name="noSePuedeEncontrarUnUsuarioQueNoExiste()" classname="com.dcnt.take_away_now.repository.ClienteRepositoryTest" time="0.175"/>
  <testcase name="sePuedeEncontrarUnUsuarioQueExiste()" classname="com.dcnt.take_away_now.repository.ClienteRepositoryTest" time="0.083"/>
  <system-out><![CDATA[2024-02-12T17:38:16.066-03:00  INFO 13936 --- [    Test worker] t.c.s.AnnotationConfigContextLoaderUtils : Could not detect default configuration classes for test class [com.dcnt.take_away_now.repository.ClienteRepositoryTest]: ClienteRepositoryTest does not declare any static, non-private, non-final, nested classes annotated with @Configuration.
2024-02-12T17:38:16.115-03:00  INFO 13936 --- [    Test worker] .b.t.c.SpringBootTestContextBootstrapper : Found @SpringBootConfiguration com.dcnt.take_away_now.TakeAwayNowApplication for test class com.dcnt.take_away_now.repository.ClienteRepositoryTest

  .   ____          _            __ _ _
 /\\ / ___'_ __ _ _(_)_ __  __ _ \ \ \ \
( ( )\___ | '_ | '_| | '_ \/ _` | \ \ \ \
 \\/  ___)| |_)| | | | | || (_| |  ) ) ) )
  '  |____| .__|_| |_|_| |_\__, | / / / /
 =========|_|==============|___/=/_/_/_/
 :: Spring Boot ::                (v3.2.0)

2024-02-12T17:38:16.170-03:00  INFO 13936 --- [    Test worker] c.d.t.repository.ClienteRepositoryTest   : Starting ClienteRepositoryTest using Java 21.0.1 with PID 13936 (started by Lautaro in D:\dcnt back\TakeAwayNow-DCNT)
2024-02-12T17:38:16.171-03:00  INFO 13936 --- [    Test worker] c.d.t.repository.ClienteRepositoryTest   : No active profile set, falling back to 1 default profile: "default"
2024-02-12T17:38:16.336-03:00  INFO 13936 --- [    Test worker] .s.d.r.c.RepositoryConfigurationDelegate : Bootstrapping Spring Data JPA repositories in DEFAULT mode.
2024-02-12T17:38:16.366-03:00  INFO 13936 --- [    Test worker] .s.d.r.c.RepositoryConfigurationDelegate : Finished Spring Data repository scanning in 29 ms. Found 6 JPA repository interfaces.
2024-02-12T17:38:16.388-03:00  INFO 13936 --- [    Test worker] beddedDataSourceBeanFactoryPostProcessor : Replacing 'dataSource' DataSource bean with embedded version
2024-02-12T17:38:16.433-03:00  INFO 13936 --- [    Test worker] o.s.j.d.e.EmbeddedDatabaseFactory        : Starting embedded database: url='jdbc:h2:mem:9177d9d4-842c-4a36-8e3a-d08d087be196;DB_CLOSE_DELAY=-1;DB_CLOSE_ON_EXIT=false', username='sa'
2024-02-12T17:38:16.465-03:00  INFO 13936 --- [    Test worker] o.hibernate.jpa.internal.util.LogHelper  : HHH000204: Processing PersistenceUnitInfo [name: default]
2024-02-12T17:38:16.475-03:00  INFO 13936 --- [    Test worker] o.h.c.internal.RegionFactoryInitiator    : HHH000026: Second-level cache disabled
2024-02-12T17:38:16.486-03:00  INFO 13936 --- [    Test worker] o.s.o.j.p.SpringPersistenceUnitInfo      : No LoadTimeWeaver setup: ignoring JPA class transformer
2024-02-12T17:38:16.491-03:00  WARN 13936 --- [    Test worker] org.hibernate.orm.deprecation            : HHH90000025: H2Dialect does not need to be specified explicitly using 'hibernate.dialect' (remove the property setting and it will be selected by default)
2024-02-12T17:38:16.629-03:00  INFO 13936 --- [    Test worker] o.h.e.t.j.p.i.JtaPlatformInitiator       : HHH000489: No JTA platform available (set 'hibernate.transaction.jta.platform' to enable JTA platform integration)
Hibernate: 
    drop table if exists clientes cascade 
Hibernate: 
    drop table if exists inventario_registros cascade 
Hibernate: 
    drop table if exists negocios cascade 
Hibernate: 
    drop table if exists pedidos cascade 
Hibernate: 
    drop table if exists productos cascade 
Hibernate: 
    drop table if exists productos_pedidos cascade 
Hibernate: 
    create table clientes (
        pdc float(53),
        saldo numeric(38,2),
        id_cliente bigint generated by default as identity,
        usuario varchar(255),
        primary key (id_cliente)
    )
Hibernate: 
    create table inventario_registros (
        precio_unitario numeric(38,2),
        recompensa_pdc float(53),
        id_inventario_registro bigint generated by default as identity,
        id_negocio bigint,
        id_producto bigint unique,
        stock bigint,
        primary key (id_inventario_registro)
    )
Hibernate: 
    create table negocios (
        dia_apertura tinyint check (dia_apertura between 0 and 6),
        dia_cierre tinyint check (dia_cierre between 0 and 6),
        horario_apertura time(6),
        horario_cierre time(6),
        saldo numeric(38,2),
        id_negocio bigint generated by default as identity,
        nombre varchar(255),
        primary key (id_negocio)
    )
Hibernate: 
    create table pedidos (
        estado tinyint check (estado between 0 and 5),
        precio_total numeric(38,2),
        fecha_y_hora_entrega timestamp(6),
        id_cliente bigint,
        id_negocio bigint,
        id_pedido bigint generated by default as identity,
        codigo varchar(255),
        primary key (id_pedido)
    )
Hibernate: 
    create table productos (
        id_inventario_registro bigint unique,
        id_producto bigint generated by default as identity,
        nombre varchar(255),
        primary key (id_producto)
    )
Hibernate: 
    create table productos_pedidos (
        cantidad integer,
        id_pedido bigint,
        id_producto bigint,
        id_producto_pedido bigint generated by default as identity,
        primary key (id_producto_pedido)
    )
Hibernate: 
    alter table if exists inventario_registros 
       add constraint FKgk0emireeu3u0g15pi6uth3tw 
       foreign key (id_negocio) 
       references negocios
Hibernate: 
    alter table if exists inventario_registros 
       add constraint FKaa8b1cqh28krjla4q0rldgjdw 
       foreign key (id_producto) 
       references productos
Hibernate: 
    alter table if exists pedidos 
       add constraint FKdnomiluem4t3x66t6b9aher47 
       foreign key (id_cliente) 
       references clientes
Hibernate: 
    alter table if exists pedidos 
       add constraint FKhmtsw5m7flxgsvx60sorc5g3e 
       foreign key (id_negocio) 
       references negocios
Hibernate: 
    alter table if exists productos 
       add constraint FKd8x4sfyyvh5ecf784239ete7u 
       foreign key (id_inventario_registro) 
       references inventario_registros
Hibernate: 
    alter table if exists productos_pedidos 
       add constraint FKgvy13jpycywx60hasm7k3w2f 
       foreign key (id_pedido) 
       references pedidos
Hibernate: 
    alter table if exists productos_pedidos 
       add constraint FK5xwq1xi3k07xrjjpvvpxvdoku 
       foreign key (id_producto) 
       references productos
2024-02-12T17:38:16.659-03:00  INFO 13936 --- [    Test worker] j.LocalContainerEntityManagerFactoryBean : Initialized JPA EntityManagerFactory for persistence unit 'default'
2024-02-12T17:38:16.938-03:00  INFO 13936 --- [    Test worker] c.d.t.repository.ClienteRepositoryTest   : Started ClienteRepositoryTest in 0.819 seconds (process running for 11.711)
Hibernate: 
    select
        c1_0.id_cliente,
        c1_0.pdc,
        c1_0.saldo,
        c1_0.usuario 
    from
        clientes c1_0 
    where
        c1_0.usuario=?
Hibernate: 
    insert 
    into
        clientes
        (pdc, saldo, usuario, id_cliente) 
    values
        (?, ?, ?, default)
Hibernate: 
    select
        c1_0.id_cliente,
        c1_0.pdc,
        c1_0.saldo,
        c1_0.usuario 
    from
        clientes c1_0 
    where
        c1_0.usuario=?
]]></system-out>
  <system-err><![CDATA[]]></system-err>
</testsuite>
